<?xml version="1.0" encoding="UTF-8"?>
<!-- Generated by org.testng.reporters.JUnitReportReporter -->
<testsuite skipped="0" hostname="DESKTOP-0394QNM" name="TheKiranacdemy.test.LoginTest" tests="2" failures="0" timestamp="11 Jun 2022 03:01:38 GMT" time="152.673" errors="0">
  <testcase name="test1" time="151.448" classname="TheKiranacdemy.test.LoginTest"/>
  <testcase name="test2" time="1.225" classname="TheKiranacdemy.test.LoginTest"/>
</testsuite> <!-- TheKiranacdemy.test.LoginTest -->
