<?xml version="1.0" encoding="UTF-8"?>
<!-- Generated by org.testng.reporters.JUnitReportReporter -->
<testsuite skipped="0" hostname="DESKTOP-0394QNM" name="com.jbk.test.LoginTest" tests="1" failures="0" timestamp="04 Jun 2022 15:40:52 GMT" time="6.974" errors="0">
  <testcase name="verifycorrectCrendential" time="6.974" classname="com.jbk.test.LoginTest"/>
</testsuite> <!-- com.jbk.test.LoginTest -->
